Current compile soc version is Ascend910B2
-- The C compiler identification is GNU 11.4.0
-- The CXX compiler identification is GNU 11.4.0
-- Detecting C compiler ABI info
-- Detecting C compiler ABI info - done
-- Check for working C compiler: /usr/bin/cc - skipped
-- Detecting C compile features
-- Detecting C compile features - done
-- Detecting CXX compiler ABI info
-- Detecting CXX compiler ABI info - done
-- Check for working CXX compiler: /usr/bin/c++ - skipped
-- Detecting CXX compile features
-- Detecting CXX compile features - done
-- Configuring done
-- Generating done
-- Build files have been written to: /root/autodl-tmp/leo-cann/hello-world/build
[  2%] Creating directories for 'kernels_precompile'
[  4%] No download step for 'kernels_precompile'
[  6%] No update step for 'kernels_precompile'
[  9%] No patch step for 'kernels_precompile'
[ 11%] Performing configure step for 'kernels_precompile'
-- The C compiler identification is GNU 11.4.0
-- The CXX compiler identification is GNU 11.4.0
-- Detecting C compiler ABI info
-- Detecting C compiler ABI info - done
-- Check for working C compiler: /usr/bin/cc - skipped
-- Detecting C compile features
-- Detecting C compile features - done
-- Detecting CXX compiler ABI info
-- Detecting CXX compiler ABI info - done
-- Check for working CXX compiler: /usr/bin/c++ - skipped
-- Detecting CXX compile features
-- Detecting CXX compile features - done
-- Configuring done
-- Generating done
CMake Warning:
  Manually-specified variables were not used by the project:

    DYNAMIC_MODE
    INCLUDE_DIR


-- Build files have been written to: /root/autodl-tmp/leo-cann/hello-world/build/kernels_precompile-prefix/src/kernels_precompile-build
[ 13%] Performing build step for 'kernels_precompile'
[100%] Building CXX object CMakeFiles/precompile_obj.dir/root/autodl-tmp/leo-cann/hello-world/op_kernel/hello_world.cpp.o
[100%] Built target precompile_obj
[100%] Built target check_src_template
[ 15%] No install step for 'kernels_precompile'
[ 18%] Completed 'kernels_precompile'
[ 18%] Built target kernels_precompile
[ 20%] Creating directories for 'kernels_preprocess'
[ 22%] No download step for 'kernels_preprocess'
[ 25%] No update step for 'kernels_preprocess'
[ 27%] No patch step for 'kernels_preprocess'
[ 29%] Performing configure step for 'kernels_preprocess'
-- The C compiler identification is GNU 11.4.0
-- The CXX compiler identification is GNU 11.4.0
-- Detecting C compiler ABI info
-- Detecting C compiler ABI info - done
-- Check for working C compiler: /usr/bin/cc - skipped
-- Detecting C compile features
-- Detecting C compile features - done
-- Detecting CXX compiler ABI info
-- Detecting CXX compiler ABI info - done
-- Check for working CXX compiler: /usr/bin/c++ - skipped
-- Detecting CXX compile features
-- Detecting CXX compile features - done
-- Configuring done
-- Generating done
-- Build files have been written to: /root/autodl-tmp/leo-cann/hello-world/build/kernels_preprocess-prefix/src/kernels_preprocess-build
[ 31%] Performing build step for 'kernels_preprocess'
[ 33%] Building CXX object CMakeFiles/preprocess_obj.dir/root/autodl-tmp/leo-cann/hello-world/op_kernel/hello_world.cpp.o
[ 66%] Building CXX object CMakeFiles/aiv_obj.dir/root/autodl-tmp/leo-cann/hello-world/op_kernel/hello_world.cpp.o
[100%] Building CXX object CMakeFiles/aic_obj.dir/root/autodl-tmp/leo-cann/hello-world/op_kernel/hello_world.cpp.o
[100%] Built target preprocess_obj
[100%] Built target aic_obj
/usr/local/Ascend/ascend-toolkit/latest/tools/ccec_compiler/bin/ld.lld -m aicorelinux -Ttext=0 /root/autodl-tmp/leo-cann/hello-world/build/kernels_preprocess-prefix/src/kernels_preprocess-build/CMakeFiles/aic_obj.dir/root/autodl-tmp/leo-cann/hello-world/op_kernel/hello_world.cpp.o -o /root/autodl-tmp/leo-cann/hello-world/build/kernels_preprocess-prefix/src/kernels_preprocess-build/CMakeFiles/aic_obj.dir/root/autodl-tmp/leo-cann/hello-world/op_kernel/hello_world.cpp.o[100%] Built target merge_aic_obj_text
[100%] Built target aiv_obj
/usr/local/Ascend/ascend-toolkit/latest/tools/ccec_compiler/bin/ld.lld -m aicorelinux -Ttext=0 /root/autodl-tmp/leo-cann/hello-world/build/kernels_preprocess-prefix/src/kernels_preprocess-build/CMakeFiles/aiv_obj.dir/root/autodl-tmp/leo-cann/hello-world/op_kernel/hello_world.cpp.o -o /root/autodl-tmp/leo-cann/hello-world/build/kernels_preprocess-prefix/src/kernels_preprocess-build/CMakeFiles/aiv_obj.dir/root/autodl-tmp/leo-cann/hello-world/op_kernel/hello_world.cpp.o[100%] Built target merge_aiv_obj_text
[100%] Built target _host_cpp
[ 34%] No install step for 'kernels_preprocess'
[ 36%] Completed 'kernels_preprocess'
[ 36%] Built target kernels_preprocess
[ 38%] Creating directories for 'kernels_aic_device'
[ 40%] Creating directories for 'kernels_aiv_device'
[ 43%] Creating directories for 'kernels_host'
[ 45%] No download step for 'kernels_aic_device'
[ 47%] No download step for 'kernels_host'
[ 50%] No download step for 'kernels_aiv_device'
[ 52%] No update step for 'kernels_aic_device'
[ 56%] No update step for 'kernels_host'
[ 56%] No update step for 'kernels_aiv_device'
[ 59%] No patch step for 'kernels_aic_device'
[ 61%] No patch step for 'kernels_host'
[ 63%] No patch step for 'kernels_aiv_device'
[ 65%] Performing configure step for 'kernels_aic_device'
[ 68%] Performing configure step for 'kernels_aiv_device'
[ 70%] Performing configure step for 'kernels_host'
-- The C compiler identification is GNU 11.4.0
-- The C compiler identification is GNU 11.4.0
-- The C compiler identification is GNU 11.4.0
-- The CXX compiler identification is GNU 11.4.0
-- Detecting C compiler ABI info
-- The CXX compiler identification is GNU 11.4.0
-- The CXX compiler identification is GNU 11.4.0
-- Detecting C compiler ABI info
-- Detecting C compiler ABI info
-- Detecting C compiler ABI info - done
-- Check for working C compiler: /usr/bin/cc - skipped
-- Detecting C compile features
-- Detecting C compile features - done
-- Detecting CXX compiler ABI info
-- Detecting C compiler ABI info - done
-- Check for working C compiler: /usr/bin/cc - skipped
-- Detecting C compile features
-- Detecting C compile features - done
-- Detecting CXX compiler ABI info
-- Detecting C compiler ABI info - done
-- Check for working C compiler: /usr/bin/cc - skipped
-- Detecting C compile features
-- Detecting C compile features - done
-- Detecting CXX compiler ABI info
-- Detecting CXX compiler ABI info - done
-- Check for working CXX compiler: /usr/bin/c++ - skipped
-- Detecting CXX compile features
-- Detecting CXX compile features - done
-- Configuring done
-- Generating done
CMake Warning:
  Manually-specified variables were not used by the project:

    BUILD_MODE


-- Build files have been written to: /root/autodl-tmp/leo-cann/hello-world/build/kernels_aic_device-prefix/src/kernels_aic_device-build
-- Detecting CXX compiler ABI info - done
-- Check for working CXX compiler: /usr/bin/c++ - skipped
-- Detecting CXX compile features
-- Detecting CXX compile features - done
-- Configuring done
-- Generating done
CMake Warning:
  Manually-specified variables were not used by the project:

    ASCEND_PYTHON_EXECUTABLE


-- Build files have been written to: /root/autodl-tmp/leo-cann/hello-world/build/kernels_host-prefix/src/kernels_host-build
[ 72%] Performing build step for 'kernels_aic_device'
-- Detecting CXX compiler ABI info - done
-- Check for working CXX compiler: /usr/bin/c++ - skipped
-- Detecting CXX compile features
-- Detecting CXX compile features - done
-- Configuring done
-- Generating done
-- Build files have been written to: /root/autodl-tmp/leo-cann/hello-world/build/kernels_aiv_device-prefix/src/kernels_aiv_device-build
[ 75%] Performing build step for 'kernels_host'
[ 77%] Performing build step for 'kernels_aiv_device'
[ 79%] No install step for 'kernels_aic_device'
[100%] Building CXX object CMakeFiles/host_bisheng_obj.dir/root/autodl-tmp/leo-cann/hello-world/op_kernel/hello_world.cpp.o
[ 81%] Completed 'kernels_aic_device'
[100%] Building CXX object CMakeFiles/device_aiv_obj.dir/root/autodl-tmp/leo-cann/hello-world/build/auto_gen/kernels/auto_gen_hello_world.cpp.o
[ 81%] Built target kernels_aic_device
[100%] Built target host_bisheng_obj
[ 84%] Performing install step for 'kernels_host'
Consolidate compiler generated dependencies of target host_bisheng_obj
[100%] Building CXX object CMakeFiles/host_bisheng_obj.dir/root/autodl-tmp/leo-cann/hello-world/op_kernel/hello_world.cpp.o
[100%] Built target device_aiv_obj
/usr/local/Ascend/ascend-toolkit/latest/tools/ccec_compiler/bin/ld.lld  -m aicorelinux -r  -Ttext=0 /root/autodl-tmp/leo-cann/hello-world/build/kernels_aiv_device-prefix/src/kernels_aiv_device-build/CMakeFiles/device_aiv_obj.dir/root/autodl-tmp/leo-cann/hello-world/build/auto_gen/kernels/auto_gen_hello_world.cpp.o -static -o /root/autodl-tmp/leo-cann/hello-world/build/kernels_aiv_device_dir/device_aiv.o
[100%] Built target merge_aiv_device_obj
[100%] Built target host_bisheng_obj
[ 86%] No install step for 'kernels_aiv_device'
Install the project...
-- Install configuration: "Debug"
-- Installing: /root/autodl-tmp/leo-cann/hello-world/build/kernels_host_dir/./objects-Debug/host_bisheng_obj/root/autodl-tmp/leo-cann/hello-world/op_kernel/hello_world.cpp.o
[ 88%] Completed 'kernels_aiv_device'
[ 90%] Completed 'kernels_host'
[ 90%] Built target kernels_aiv_device
[ 90%] Built target kernels_host
/usr/local/Ascend/ascend-toolkit/latest/tools/ccec_compiler/bin/ld.lld  -m aicorelinux   -Ttext=0 /root/autodl-tmp/leo-cann/hello-world/build/kernels_aiv_device_dir/device_aiv.o -static -o /root/autodl-tmp/leo-cann/hello-world/build/kernels_merge_obj_dir/device_aiv.o
[ 90%] Built target kernels_merge_obj
[ 93%] Building CXX object CMakeFiles/kernels_host_stub_obj.dir/auto_gen/kernels/host_stub.cpp.o
[ 93%] Built target kernels_host_stub_obj
[ 95%] Linking CXX static library lib/libkernels.a
/usr/local/Ascend/ascend-toolkit/latest/bin/ascendc_pack_kernel /root/autodl-tmp/leo-cann/hello-world/build/CMakeFiles/kernels_host_stub_obj.dir/auto_gen/kernels/host_stub.cpp.o /root/autodl-tmp/leo-cann/hello-world/build/kernels_merge_obj_dir/device_aiv.o 1 /root/autodl-tmp/leo-cann/hello-world/build/CMakeFiles/kernels_host_stub_obj.dir/auto_gen/kernels/host_stub.cpp.o
recompile: /usr/bin/ar qc lib/libkernels.a CMakeFiles/kernels_host_stub_obj.dir/auto_gen/kernels/host_stub.cpp.o /root/autodl-tmp/leo-cann/hello-world/build/kernels_host_dir/objects-Debug/host_bisheng_obj/root/autodl-tmp/leo-cann/hello-world/op_kernel/hello_world.cpp.o  elf_tool.c.o ascendc_runtime.cpp.o
recompile: /usr/bin/ranlib lib/libkernels.a
[ 95%] Built target kernels
[ 97%] Building CXX object CMakeFiles/main.dir/op_host/main.cpp.o
[100%] Linking CXX executable main
[100%] Built target main
-- Install configuration: "Debug"
-- Installing: /root/autodl-tmp/leo-cann/hello-world/out/lib/libkernels.a
-- Installing: /root/autodl-tmp/leo-cann/hello-world/out/include
-- Installing: /root/autodl-tmp/leo-cann/hello-world/out/include/kernels
-- Installing: /root/autodl-tmp/leo-cann/hello-world/out/include/kernels/aclrtlaunch_hello_world.h
-- Installing: /root/autodl-tmp/leo-cann/hello-world/out/include/kernels/aclrtlaunch_triple_chevrons_func.h
opType=hello_world, DumpHead: AIV-0, CoreType=AIV, block dim=8, total_block_num=8, block_remain_len=1048400, block_initial_space=1048576, rsv=0, magic=5aa5bccd
CANN Version: 8.1.RC1, TimeStamp: 20250428203017761
Hello World from kernel
opType=hello_world, DumpHead: AIV-1, CoreType=AIV, block dim=8, total_block_num=8, block_remain_len=1048400, block_initial_space=1048576, rsv=0, magic=5aa5bccd
CANN Version: 8.1.RC1, TimeStamp: 20250428203017761
Hello World from kernel
opType=hello_world, DumpHead: AIV-2, CoreType=AIV, block dim=8, total_block_num=8, block_remain_len=1048400, block_initial_space=1048576, rsv=0, magic=5aa5bccd
CANN Version: 8.1.RC1, TimeStamp: 20250428203017761
Hello World from kernel
opType=hello_world, DumpHead: AIV-3, CoreType=AIV, block dim=8, total_block_num=8, block_remain_len=1048400, block_initial_space=1048576, rsv=0, magic=5aa5bccd
CANN Version: 8.1.RC1, TimeStamp: 20250428203017761
Hello World from kernel
opType=hello_world, DumpHead: AIV-4, CoreType=AIV, block dim=8, total_block_num=8, block_remain_len=1048400, block_initial_space=1048576, rsv=0, magic=5aa5bccd
CANN Version: 8.1.RC1, TimeStamp: 20250428203017761
Hello World from kernel
opType=hello_world, DumpHead: AIV-5, CoreType=AIV, block dim=8, total_block_num=8, block_remain_len=1048400, block_initial_space=1048576, rsv=0, magic=5aa5bccd
CANN Version: 8.1.RC1, TimeStamp: 20250428203017761
Hello World from kernel
opType=hello_world, DumpHead: AIV-6, CoreType=AIV, block dim=8, total_block_num=8, block_remain_len=1048400, block_initial_space=1048576, rsv=0, magic=5aa5bccd
CANN Version: 8.1.RC1, TimeStamp: 20250428203017761
Hello World from kernel
opType=hello_world, DumpHead: AIV-7, CoreType=AIV, block dim=8, total_block_num=8, block_remain_len=1048400, block_initial_space=1048576, rsv=0, magic=5aa5bccd
CANN Version: 8.1.RC1, TimeStamp: 20250428203017761
Hello World from kernel
